Analysis & Synthesis report for de2servo
Thu Apr 09 16:01:16 2015
Quartus II 64-Bit Version 13.0.1 Build 232 06/12/2013 Service Pack 1 SJ Web Edition


---------------------
; Table of Contents ;
---------------------
  1. Legal Notice
  2. Analysis & Synthesis Summary
  3. Analysis & Synthesis Settings
  4. Parallel Compilation
  5. Analysis & Synthesis Source Files Read
  6. Analysis & Synthesis Resource Usage Summary
  7. Analysis & Synthesis Resource Utilization by Entity
  8. Registers Removed During Synthesis
  9. General Register Statistics
 10. Multiplexer Restructuring Statistics (Restructuring Performed)
 11. Elapsed Time Per Partition
 12. Analysis & Synthesis Messages



----------------
; Legal Notice ;
----------------
Copyright (C) 1991-2013 Altera Corporation
Your use of Altera Corporation's design tools, logic functions 
and other software and tools, and its AMPP partner logic 
functions, and any output files from any of the foregoing 
(including device programming or simulation files), and any 
associated documentation or information are expressly subject 
to the terms and conditions of the Altera Program License 
Subscription Agreement, Altera MegaCore Function License 
Agreement, or other applicable license agreement, including, 
without limitation, that your use is for the sole purpose of 
programming logic devices manufactured by Altera and sold by 
Altera or its authorized distributors.  Please refer to the 
applicable agreement for further details.



+--------------------------------------------------------------------------------------+
; Analysis & Synthesis Summary                                                         ;
+------------------------------------+-------------------------------------------------+
; Analysis & Synthesis Status        ; Successful - Thu Apr 09 16:01:16 2015           ;
; Quartus II 64-Bit Version          ; 13.0.1 Build 232 06/12/2013 SP 1 SJ Web Edition ;
; Revision Name                      ; de2servo                                        ;
; Top-level Entity Name              ; de2servo                                        ;
; Family                             ; Cyclone II                                      ;
; Total logic elements               ; 212                                             ;
;     Total combinational functions  ; 194                                             ;
;     Dedicated logic registers      ; 73                                              ;
; Total registers                    ; 73                                              ;
; Total pins                         ; 47                                              ;
; Total virtual pins                 ; 0                                               ;
; Total memory bits                  ; 0                                               ;
; Embedded Multiplier 9-bit elements ; 0                                               ;
; Total PLLs                         ; 0                                               ;
+------------------------------------+-------------------------------------------------+


+----------------------------------------------------------------------------------------------------------------------+
; Analysis & Synthesis Settings                                                                                        ;
+----------------------------------------------------------------------------+--------------------+--------------------+
; Option                                                                     ; Setting            ; Default Value      ;
+----------------------------------------------------------------------------+--------------------+--------------------+
; Device                                                                     ; EP2C35F672C6       ;                    ;
; Top-level entity name                                                      ; de2servo           ; de2servo           ;
; Family name                                                                ; Cyclone II         ; Cyclone IV GX      ;
; Use smart compilation                                                      ; Off                ; Off                ;
; Enable parallel Assembler and TimeQuest Timing Analyzer during compilation ; On                 ; On                 ;
; Enable compact report table                                                ; Off                ; Off                ;
; Restructure Multiplexers                                                   ; Auto               ; Auto               ;
; Create Debugging Nodes for IP Cores                                        ; Off                ; Off                ;
; Preserve fewer node names                                                  ; On                 ; On                 ;
; Disable OpenCore Plus hardware evaluation                                  ; Off                ; Off                ;
; Verilog Version                                                            ; Verilog_2001       ; Verilog_2001       ;
; VHDL Version                                                               ; VHDL_1993          ; VHDL_1993          ;
; State Machine Processing                                                   ; Auto               ; Auto               ;
; Safe State Machine                                                         ; Off                ; Off                ;
; Extract Verilog State Machines                                             ; On                 ; On                 ;
; Extract VHDL State Machines                                                ; On                 ; On                 ;
; Ignore Verilog initial constructs                                          ; Off                ; Off                ;
; Iteration limit for constant Verilog loops                                 ; 5000               ; 5000               ;
; Iteration limit for non-constant Verilog loops                             ; 250                ; 250                ;
; Add Pass-Through Logic to Inferred RAMs                                    ; On                 ; On                 ;
; Infer RAMs from Raw Logic                                                  ; On                 ; On                 ;
; Parallel Synthesis                                                         ; On                 ; On                 ;
; DSP Block Balancing                                                        ; Auto               ; Auto               ;
; NOT Gate Push-Back                                                         ; On                 ; On                 ;
; Power-Up Don't Care                                                        ; On                 ; On                 ;
; Remove Redundant Logic Cells                                               ; Off                ; Off                ;
; Remove Duplicate Registers                                                 ; On                 ; On                 ;
; Ignore CARRY Buffers                                                       ; Off                ; Off                ;
; Ignore CASCADE Buffers                                                     ; Off                ; Off                ;
; Ignore GLOBAL Buffers                                                      ; Off                ; Off                ;
; Ignore ROW GLOBAL Buffers                                                  ; Off                ; Off                ;
; Ignore LCELL Buffers                                                       ; Off                ; Off                ;
; Ignore SOFT Buffers                                                        ; On                 ; On                 ;
; Limit AHDL Integers to 32 Bits                                             ; Off                ; Off                ;
; Optimization Technique                                                     ; Balanced           ; Balanced           ;
; Carry Chain Length                                                         ; 70                 ; 70                 ;
; Auto Carry Chains                                                          ; On                 ; On                 ;
; Auto Open-Drain Pins                                                       ; On                 ; On                 ;
; Perform WYSIWYG Primitive Resynthesis                                      ; Off                ; Off                ;
; Auto ROM Replacement                                                       ; On                 ; On                 ;
; Auto RAM Replacement                                                       ; On                 ; On                 ;
; Auto Shift Register Replacement                                            ; Auto               ; Auto               ;
; Allow Shift Register Merging across Hierarchies                            ; Auto               ; Auto               ;
; Auto Clock Enable Replacement                                              ; On                 ; On                 ;
; Strict RAM Replacement                                                     ; Off                ; Off                ;
; Allow Synchronous Control Signals                                          ; On                 ; On                 ;
; Force Use of Synchronous Clear Signals                                     ; Off                ; Off                ;
; Auto RAM to Logic Cell Conversion                                          ; Off                ; Off                ;
; Auto Resource Sharing                                                      ; Off                ; Off                ;
; Allow Any RAM Size For Recognition                                         ; Off                ; Off                ;
; Allow Any ROM Size For Recognition                                         ; Off                ; Off                ;
; Allow Any Shift Register Size For Recognition                              ; Off                ; Off                ;
; Use LogicLock Constraints during Resource Balancing                        ; On                 ; On                 ;
; Ignore translate_off and synthesis_off directives                          ; Off                ; Off                ;
; Timing-Driven Synthesis                                                    ; Off                ; Off                ;
; Report Parameter Settings                                                  ; On                 ; On                 ;
; Report Source Assignments                                                  ; On                 ; On                 ;
; Report Connectivity Checks                                                 ; On                 ; On                 ;
; Ignore Maximum Fan-Out Assignments                                         ; Off                ; Off                ;
; Synchronization Register Chain Length                                      ; 2                  ; 2                  ;
; PowerPlay Power Optimization                                               ; Normal compilation ; Normal compilation ;
; HDL message level                                                          ; Level2             ; Level2             ;
; Suppress Register Optimization Related Messages                            ; Off                ; Off                ;
; Number of Removed Registers Reported in Synthesis Report                   ; 5000               ; 5000               ;
; Number of Swept Nodes Reported in Synthesis Report                         ; 5000               ; 5000               ;
; Number of Inverted Registers Reported in Synthesis Report                  ; 100                ; 100                ;
; Clock MUX Protection                                                       ; On                 ; On                 ;
; Auto Gated Clock Conversion                                                ; Off                ; Off                ;
; Block Design Naming                                                        ; Auto               ; Auto               ;
; SDC constraint protection                                                  ; Off                ; Off                ;
; Synthesis Effort                                                           ; Auto               ; Auto               ;
; Shift Register Replacement - Allow Asynchronous Clear Signal               ; On                 ; On                 ;
; Pre-Mapping Resynthesis Optimization                                       ; Off                ; Off                ;
; Analysis & Synthesis Message Level                                         ; Medium             ; Medium             ;
; Disable Register Merging Across Hierarchies                                ; Auto               ; Auto               ;
; Resource Aware Inference For Block RAM                                     ; On                 ; On                 ;
; Synthesis Seed                                                             ; 1                  ; 1                  ;
+----------------------------------------------------------------------------+--------------------+--------------------+


Parallel compilation was disabled, but you have multiple processors available. Enable parallel compilation to reduce compilation time.
+-------------------------------------+
; Parallel Compilation                ;
+----------------------------+--------+
; Processors                 ; Number ;
+----------------------------+--------+
; Number detected on machine ; 4      ;
; Maximum allowed            ; 1      ;
+----------------------------+--------+


+-------------------------------------------------------------------------------------------------------------------------------------------+
; Analysis & Synthesis Source Files Read                                                                                                    ;
+----------------------------------+-----------------+-----------------+----------------------------------------------------------+---------+
; File Name with User-Entered Path ; Used in Netlist ; File Type       ; File Name with Absolute Path                             ; Library ;
+----------------------------------+-----------------+-----------------+----------------------------------------------------------+---------+
; de2servo.vhd                     ; yes             ; User VHDL File  ; C:/Users/Rico/Desktop/EECE381M2/DE2Servo/de2servo.vhd    ;         ;
; servoclk.vhd                     ; yes             ; User VHDL File  ; C:/Users/Rico/Desktop/EECE381M2/DE2Servo/servoclk.vhd    ;         ;
; servopwm.vhd                     ; yes             ; User VHDL File  ; C:/Users/Rico/Desktop/EECE381M2/DE2Servo/servopwm.vhd    ;         ;
; servolinked.vhd                  ; yes             ; User VHDL File  ; C:/Users/Rico/Desktop/EECE381M2/DE2Servo/servolinked.vhd ;         ;
+----------------------------------+-----------------+-----------------+----------------------------------------------------------+---------+


+------------------------------------------------------+
; Analysis & Synthesis Resource Usage Summary          ;
+---------------------------------------------+--------+
; Resource                                    ; Usage  ;
+---------------------------------------------+--------+
; Estimated Total logic elements              ; 212    ;
;                                             ;        ;
; Total combinational functions               ; 194    ;
; Logic element usage by number of LUT inputs ;        ;
;     -- 4 input functions                    ; 70     ;
;     -- 3 input functions                    ; 41     ;
;     -- <=2 input functions                  ; 83     ;
;                                             ;        ;
; Logic elements by mode                      ;        ;
;     -- normal mode                          ; 104    ;
;     -- arithmetic mode                      ; 90     ;
;                                             ;        ;
; Total registers                             ; 73     ;
;     -- Dedicated logic registers            ; 73     ;
;     -- I/O registers                        ; 0      ;
;                                             ;        ;
; I/O pins                                    ; 47     ;
; Embedded Multiplier 9-bit elements          ; 0      ;
; Maximum fan-out node                        ; KEY[3] ;
; Maximum fan-out                             ; 35     ;
; Total fan-out                               ; 788    ;
; Average fan-out                             ; 2.51   ;
+---------------------------------------------+--------+


+---------------------------------------------------------------------------------------------------------------------------------------------------------------------------------------------------------------------------+
; Analysis & Synthesis Resource Utilization by Entity                                                                                                                                                                       ;
+----------------------------------+-------------------+--------------+-------------+--------------+---------+-----------+------+--------------+-------------------------------------------------------------+--------------+
; Compilation Hierarchy Node       ; LC Combinationals ; LC Registers ; Memory Bits ; DSP Elements ; DSP 9x9 ; DSP 18x18 ; Pins ; Virtual Pins ; Full Hierarchy Name                                         ; Library Name ;
+----------------------------------+-------------------+--------------+-------------+--------------+---------+-----------+------+--------------+-------------------------------------------------------------+--------------+
; |de2servo                        ; 194 (87)          ; 73 (38)      ; 0           ; 0            ; 0       ; 0         ; 47   ; 0            ; |de2servo                                                   ; work         ;
;    |servolinked:servoHorizontal| ; 60 (0)            ; 22 (0)       ; 0           ; 0            ; 0       ; 0         ; 0    ; 0            ; |de2servo|servolinked:servoHorizontal                       ; work         ;
;       |servoclk:servoclk_map|    ; 17 (17)           ; 10 (10)      ; 0           ; 0            ; 0       ; 0         ; 0    ; 0            ; |de2servo|servolinked:servoHorizontal|servoclk:servoclk_map ; work         ;
;       |servopwm:servopwm_map|    ; 43 (43)           ; 12 (12)      ; 0           ; 0            ; 0       ; 0         ; 0    ; 0            ; |de2servo|servolinked:servoHorizontal|servopwm:servopwm_map ; work         ;
;    |servolinked:servoVertical|   ; 47 (0)            ; 13 (0)       ; 0           ; 0            ; 0       ; 0         ; 0    ; 0            ; |de2servo|servolinked:servoVertical                         ; work         ;
;       |servoclk:servoclk_map|    ; 4 (4)             ; 1 (1)        ; 0           ; 0            ; 0       ; 0         ; 0    ; 0            ; |de2servo|servolinked:servoVertical|servoclk:servoclk_map   ; work         ;
;       |servopwm:servopwm_map|    ; 43 (43)           ; 12 (12)      ; 0           ; 0            ; 0       ; 0         ; 0    ; 0            ; |de2servo|servolinked:servoVertical|servopwm:servopwm_map   ; work         ;
+----------------------------------+-------------------+--------------+-------------+--------------+---------+-----------+------+--------------+-------------------------------------------------------------+--------------+
Note: For table entries with two numbers listed, the numbers in parentheses indicate the number of resources of the given type used by the specific entity alone. The numbers listed outside of parentheses indicate the total resources of the given type used by the specific entity and all of its sub-entities in the hierarchy.


+---------------------------------------------------------------------------------------------------------------------------------------+
; Registers Removed During Synthesis                                                                                                    ;
+------------------------------------------------------------+--------------------------------------------------------------------------+
; Register name                                              ; Reason for Removal                                                       ;
+------------------------------------------------------------+--------------------------------------------------------------------------+
; servolinked:servoVertical|servoclk:servoclk_map|counter[0] ; Merged with servolinked:servoHorizontal|servoclk:servoclk_map|counter[0] ;
; servolinked:servoVertical|servoclk:servoclk_map|counter[8] ; Merged with servolinked:servoHorizontal|servoclk:servoclk_map|counter[8] ;
; servolinked:servoVertical|servoclk:servoclk_map|counter[7] ; Merged with servolinked:servoHorizontal|servoclk:servoclk_map|counter[7] ;
; servolinked:servoVertical|servoclk:servoclk_map|counter[6] ; Merged with servolinked:servoHorizontal|servoclk:servoclk_map|counter[6] ;
; servolinked:servoVertical|servoclk:servoclk_map|counter[5] ; Merged with servolinked:servoHorizontal|servoclk:servoclk_map|counter[5] ;
; servolinked:servoVertical|servoclk:servoclk_map|counter[4] ; Merged with servolinked:servoHorizontal|servoclk:servoclk_map|counter[4] ;
; servolinked:servoVertical|servoclk:servoclk_map|counter[3] ; Merged with servolinked:servoHorizontal|servoclk:servoclk_map|counter[3] ;
; servolinked:servoVertical|servoclk:servoclk_map|counter[2] ; Merged with servolinked:servoHorizontal|servoclk:servoclk_map|counter[2] ;
; servolinked:servoVertical|servoclk:servoclk_map|counter[1] ; Merged with servolinked:servoHorizontal|servoclk:servoclk_map|counter[1] ;
; Total Number of Removed Registers = 9                      ;                                                                          ;
+------------------------------------------------------------+--------------------------------------------------------------------------+


+------------------------------------------------------+
; General Register Statistics                          ;
+----------------------------------------------+-------+
; Statistic                                    ; Value ;
+----------------------------------------------+-------+
; Total registers                              ; 73    ;
; Number of registers using Synchronous Clear  ; 0     ;
; Number of registers using Synchronous Load   ; 15    ;
; Number of registers using Asynchronous Clear ; 35    ;
; Number of registers using Asynchronous Load  ; 0     ;
; Number of registers using Clock Enable       ; 17    ;
; Number of registers using Preset             ; 0     ;
+----------------------------------------------+-------+


+------------------------------------------------------------------------------------------------------------------------------------------+
; Multiplexer Restructuring Statistics (Restructuring Performed)                                                                           ;
+--------------------+-----------+---------------+----------------------+------------------------+------------+----------------------------+
; Multiplexer Inputs ; Bus Width ; Baseline Area ; Area if Restructured ; Saving if Restructured ; Registered ; Example Multiplexer Output ;
+--------------------+-----------+---------------+----------------------+------------------------+------------+----------------------------+
; 5:1                ; 8 bits    ; 24 LEs        ; 16 LEs               ; 8 LEs                  ; Yes        ; |de2servo|Vpos[8]          ;
; 5:1                ; 9 bits    ; 27 LEs        ; 18 LEs               ; 9 LEs                  ; Yes        ; |de2servo|Hpos[8]          ;
+--------------------+-----------+---------------+----------------------+------------------------+------------+----------------------------+


+-------------------------------+
; Elapsed Time Per Partition    ;
+----------------+--------------+
; Partition Name ; Elapsed Time ;
+----------------+--------------+
; Top            ; 00:00:00     ;
+----------------+--------------+


+-------------------------------+
; Analysis & Synthesis Messages ;
+-------------------------------+
Info: *******************************************************************
Info: Running Quartus II 64-Bit Analysis & Synthesis
    Info: Version 13.0.1 Build 232 06/12/2013 Service Pack 1 SJ Web Edition
    Info: Processing started: Thu Apr 09 16:01:14 2015
Info: Command: quartus_map --read_settings_files=on --write_settings_files=off de2servo -c de2servo
Warning (20028): Parallel compilation is not licensed and has been disabled
Info (12021): Found 2 design units, including 1 entities, in source file de2servo.vhd
    Info (12022): Found design unit 1: de2servo-Behavioral
    Info (12023): Found entity 1: de2servo
Info (12021): Found 2 design units, including 1 entities, in source file servoclk.vhd
    Info (12022): Found design unit 1: servoclk-Behavioral
    Info (12023): Found entity 1: servoclk
Info (12021): Found 2 design units, including 1 entities, in source file servopwm.vhd
    Info (12022): Found design unit 1: servopwm-Behavioral
    Info (12023): Found entity 1: servopwm
Info (12021): Found 2 design units, including 1 entities, in source file servolinked.vhd
    Info (12022): Found design unit 1: servolinked-Behavioral
    Info (12023): Found entity 1: servolinked
Info (12127): Elaborating entity "de2servo" for the top level hierarchy
Warning (10541): VHDL Signal Declaration warning at de2servo.vhd(11): used implicit default value for signal "LEDG" because signal was never assigned a value or an explicit default value. Use of implicit default value may introduce unintended design optimizations.
Warning (10541): VHDL Signal Declaration warning at de2servo.vhd(12): used implicit default value for signal "LEDR" because signal was never assigned a value or an explicit default value. Use of implicit default value may introduce unintended design optimizations.
Info (12128): Elaborating entity "servolinked" for hierarchy "servolinked:servoVertical"
Info (12128): Elaborating entity "servoclk" for hierarchy "servolinked:servoVertical|servoclk:servoclk_map"
Info (12128): Elaborating entity "servopwm" for hierarchy "servolinked:servoVertical|servopwm:servopwm_map"
Warning (13034): The following nodes have both tri-state and non-tri-state drivers
    Warning (13035): Inserted always-enabled tri-state buffer between "GPIO_1[0]" and its non-tri-state driver.
    Warning (13035): Inserted always-enabled tri-state buffer between "GPIO_1[1]" and its non-tri-state driver.
Warning (13039): The following bidir pins have no drivers
    Warning (13040): Bidir "GPIO_1[2]" has no driver
    Warning (13040): Bidir "GPIO_1[3]" has no driver
    Warning (13040): Bidir "GPIO_1[4]" has no driver
    Warning (13040): Bidir "GPIO_1[5]" has no driver
Warning (13009): TRI or OPNDRN buffers permanently enabled
    Warning (13010): Node "GPIO_1[0]~synth"
    Warning (13010): Node "GPIO_1[1]~synth"
Warning (13024): Output pins are stuck at VCC or GND
    Warning (13410): Pin "LEDG[0]" is stuck at GND
    Warning (13410): Pin "LEDG[1]" is stuck at GND
    Warning (13410): Pin "LEDG[2]" is stuck at GND
    Warning (13410): Pin "LEDG[3]" is stuck at GND
    Warning (13410): Pin "LEDG[4]" is stuck at GND
    Warning (13410): Pin "LEDG[5]" is stuck at GND
    Warning (13410): Pin "LEDG[6]" is stuck at GND
    Warning (13410): Pin "LEDG[7]" is stuck at GND
    Warning (13410): Pin "LEDG[8]" is stuck at GND
    Warning (13410): Pin "LEDR[0]" is stuck at GND
    Warning (13410): Pin "LEDR[1]" is stuck at GND
    Warning (13410): Pin "LEDR[2]" is stuck at GND
    Warning (13410): Pin "LEDR[3]" is stuck at GND
    Warning (13410): Pin "LEDR[4]" is stuck at GND
    Warning (13410): Pin "LEDR[5]" is stuck at GND
    Warning (13410): Pin "LEDR[6]" is stuck at GND
    Warning (13410): Pin "LEDR[7]" is stuck at GND
    Warning (13410): Pin "LEDR[8]" is stuck at GND
Info (16010): Generating hard_block partition "hard_block:auto_generated_inst"
    Info (16011): Adding 0 node(s), including 0 DDIO, 0 PLL, 0 transceiver and 0 LCELL
Warning (21074): Design contains 3 input pin(s) that do not drive logic
    Warning (15610): No output dependent on input pin "KEY[0]"
    Warning (15610): No output dependent on input pin "KEY[1]"
    Warning (15610): No output dependent on input pin "KEY[2]"
Info (21057): Implemented 259 device resources after synthesis - the final resource count might be different
    Info (21058): Implemented 23 input pins
    Info (21059): Implemented 18 output pins
    Info (21060): Implemented 6 bidirectional pins
    Info (21061): Implemented 212 logic cells
Info: Quartus II 64-Bit Analysis & Synthesis was successful. 0 errors, 37 warnings
    Info: Peak virtual memory: 509 megabytes
    Info: Processing ended: Thu Apr 09 16:01:16 2015
    Info: Elapsed time: 00:00:02
    Info: Total CPU time (on all processors): 00:00:02


